TN:
SF:src\modules\appointments\services\CreateAppointmentService.ts
FN:41,__decorate
FN:41,__metadata
FN:41,__param
FN:41,__awaiter
FN:41,adopt
FN:41,fulfilled
FN:41,rejected
FN:41,step
FN:41,__generator
FN:41,sent
FN:41,g.<computed>
FN:41,verb
FN:41,step
FN:41,__importDefault
FN:16,CreateAppointmentService
FN:21,CreateAppointmentService.execute
FNF:16
FNH:14
FNDA:1,__decorate
FNDA:1,__metadata
FNDA:1,__param
FNDA:3,__awaiter
FNDA:5,adopt
FNDA:5,fulfilled
FNDA:0,rejected
FNDA:7,step
FNDA:3,__generator
FNDA:5,sent
FNDA:0,g.<computed>
FNDA:9,verb
FNDA:8,step
FNDA:1,__importDefault
FNDA:2,CreateAppointmentService
FNDA:3,CreateAppointmentService.execute
DA:1,1
DA:2,1
DA:3,1
DA:4,1
DA:5,1
DA:6,1
DA:7,1
DA:8,1
DA:9,1
DA:10,1
DA:11,1
DA:12,1
DA:13,1
DA:14,1
DA:15,1
DA:16,1
DA:17,2
DA:18,2
DA:19,2
DA:20,1
DA:21,1
DA:22,3
DA:23,3
DA:24,3
DA:25,3
DA:26,3
DA:27,3
DA:28,3
DA:29,1
DA:30,1
DA:31,2
DA:32,2
DA:33,2
DA:34,2
DA:35,2
DA:36,3
DA:37,3
DA:38,3
DA:39,1
DA:40,1
DA:41,1
LF:41
LH:41
BRDA:41,0,0,1
BRDA:41,1,0,1
BRDA:41,2,0,0
BRDA:41,3,0,0
BRDA:41,4,0,0
BRDA:41,5,0,0
BRDA:41,6,0,1
BRDA:41,7,0,1
BRDA:41,8,0,1
BRDA:41,9,0,3
BRDA:41,10,0,5
BRDA:41,11,0,0
BRDA:41,12,0,3
BRDA:41,13,0,5
BRDA:41,14,0,4
BRDA:41,15,0,1
BRDA:41,16,0,7
BRDA:41,17,0,2
BRDA:41,18,0,5
BRDA:41,19,0,3
BRDA:41,20,0,5
BRDA:41,21,0,0
BRDA:41,22,0,9
BRDA:41,23,0,8
BRDA:41,24,0,8
BRDA:41,25,0,0
BRDA:41,26,0,16
BRDA:41,27,0,0
BRDA:41,28,0,0
BRDA:41,29,0,0
BRDA:41,30,0,0
BRDA:41,31,0,8
BRDA:41,32,0,8
BRDA:41,33,0,5
BRDA:41,34,0,0
BRDA:41,35,0,0
BRDA:41,36,0,3
BRDA:41,37,0,0
BRDA:41,38,0,2
BRDA:41,39,0,0
BRDA:41,40,0,0
BRDA:41,41,0,0
BRDA:41,42,0,0
BRDA:41,43,0,8
BRDA:41,44,0,7
BRDA:41,45,0,1
BRDA:41,46,0,8
BRDA:41,47,0,3
BRDA:41,48,0,1
BRDA:41,49,0,2
BRDA:41,50,0,0
BRDA:41,51,0,1
BRDA:41,52,0,0
BRDA:15,53,0,1
BRDA:16,54,0,2
BRDA:21,55,0,3
BRDA:41,56,0,3
BRDA:41,57,0,8
BRDA:41,58,0,3
BRDA:41,59,0,3
BRDA:28,60,0,1
BRDA:30,61,0,2
BRDA:41,62,0,2
BRF:63
BRH:43
end_of_record
TN:
SF:src\modules\users\services\AuthenticateUsersService.ts
FN:57,__decorate
FN:57,__metadata
FN:57,__param
FN:57,__awaiter
FN:57,adopt
FN:57,fulfilled
FN:57,rejected
FN:57,step
FN:57,__generator
FN:57,sent
FN:57,g.<computed>
FN:57,verb
FN:57,step
FN:57,__importDefault
FN:23,AuthenticateUsersService
FN:31,AuthenticateUsersService.execute
FNF:16
FNH:14
FNDA:1,__decorate
FNDA:1,__metadata
FNDA:2,__param
FNDA:3,__awaiter
FNDA:5,adopt
FNDA:5,fulfilled
FNDA:0,rejected
FNDA:6,step
FNDA:3,__generator
FNDA:5,sent
FNDA:0,g.<computed>
FNDA:9,verb
FNDA:8,step
FNDA:2,__importDefault
FNDA:3,AuthenticateUsersService
FNDA:3,AuthenticateUsersService.execute
DA:1,1
DA:2,1
DA:3,1
DA:4,1
DA:5,1
DA:6,1
DA:7,1
DA:8,1
DA:9,1
DA:10,1
DA:11,1
DA:12,1
DA:13,1
DA:14,1
DA:15,1
DA:16,1
DA:17,1
DA:18,1
DA:19,1
DA:20,1
DA:21,1
DA:22,1
DA:23,1
DA:24,3
DA:25,3
DA:26,3
DA:27,3
DA:28,3
DA:29,3
DA:30,1
DA:31,1
DA:32,3
DA:33,3
DA:34,3
DA:35,1
DA:36,1
DA:37,2
DA:38,2
DA:39,3
DA:40,3
DA:41,1
DA:42,1
DA:43,1
DA:44,1
DA:45,1
DA:46,1
DA:47,1
DA:48,1
DA:49,1
DA:50,1
DA:51,1
DA:52,1
DA:53,1
DA:54,3
DA:55,1
DA:56,1
DA:57,1
LF:57
LH:57
BRDA:57,0,0,1
BRDA:57,1,0,1
BRDA:57,2,0,0
BRDA:57,3,0,0
BRDA:57,4,0,0
BRDA:57,5,0,0
BRDA:57,6,0,1
BRDA:57,7,0,2
BRDA:57,8,0,2
BRDA:57,9,0,3
BRDA:57,10,0,5
BRDA:57,11,0,0
BRDA:57,12,0,3
BRDA:57,13,0,5
BRDA:57,14,0,3
BRDA:57,15,0,2
BRDA:57,16,0,6
BRDA:57,17,0,1
BRDA:57,18,0,5
BRDA:57,19,0,3
BRDA:57,20,0,5
BRDA:57,21,0,0
BRDA:57,22,0,9
BRDA:57,23,0,8
BRDA:57,24,0,8
BRDA:57,25,0,0
BRDA:57,26,0,16
BRDA:57,27,0,0
BRDA:57,28,0,0
BRDA:57,29,0,0
BRDA:57,30,0,0
BRDA:57,31,0,8
BRDA:57,32,0,8
BRDA:57,33,0,5
BRDA:57,34,0,0
BRDA:57,35,0,0
BRDA:57,36,0,3
BRDA:57,37,0,0
BRDA:57,38,0,1
BRDA:57,39,0,0
BRDA:57,40,0,0
BRDA:57,41,0,0
BRDA:57,42,0,0
BRDA:57,43,0,8
BRDA:57,44,0,6
BRDA:57,45,0,2
BRDA:57,46,0,8
BRDA:57,47,0,3
BRDA:57,48,0,2
BRDA:57,49,0,1
BRDA:57,50,0,0
BRDA:57,51,0,2
BRDA:57,52,0,0
BRDA:22,53,0,1
BRDA:23,54,0,3
BRDA:31,55,0,3
BRDA:57,56,0,3
BRDA:57,57,0,8
BRDA:32,58,0,3
BRDA:57,59,0,3
BRDA:34,60,0,1
BRDA:36,61,0,2
BRDA:57,62,0,2
BRDA:40,63,0,1
BRF:64
BRH:44
end_of_record
TN:
SF:src\modules\users\services\CreateUserService.ts
FN:43,__decorate
FN:43,__metadata
FN:43,__param
FN:43,__awaiter
FN:43,adopt
FN:43,fulfilled
FN:43,rejected
FN:43,step
FN:43,__generator
FN:43,sent
FN:43,g.<computed>
FN:43,verb
FN:43,step
FN:43,__importDefault
FN:16,CreateUserService
FN:24,CreateUserService.execute
FNF:16
FNH:14
FNDA:2,__decorate
FNDA:2,__metadata
FNDA:4,__param
FNDA:5,__awaiter
FNDA:13,adopt
FNDA:13,fulfilled
FNDA:0,rejected
FNDA:17,step
FNDA:5,__generator
FNDA:13,sent
FNDA:0,g.<computed>
FNDA:15,verb
FNDA:18,step
FNDA:2,__importDefault
FNDA:4,CreateUserService
FNDA:5,CreateUserService.execute
DA:1,1
DA:2,1
DA:3,1
DA:4,1
DA:5,1
DA:6,1
DA:7,1
DA:8,1
DA:9,1
DA:10,1
DA:11,1
DA:12,1
DA:13,1
DA:14,1
DA:15,2
DA:16,2
DA:17,4
DA:18,4
DA:19,4
DA:20,4
DA:21,4
DA:22,4
DA:23,2
DA:24,2
DA:25,5
DA:26,5
DA:27,5
DA:28,1
DA:29,1
DA:30,4
DA:31,4
DA:32,5
DA:33,5
DA:34,5
DA:35,5
DA:36,5
DA:37,5
DA:38,5
DA:39,5
DA:40,5
DA:41,2
DA:42,1
DA:43,1
LF:43
LH:43
BRDA:43,0,0,2
BRDA:43,1,0,2
BRDA:43,2,0,0
BRDA:43,3,0,0
BRDA:43,4,0,0
BRDA:43,5,0,0
BRDA:43,6,0,2
BRDA:43,7,0,4
BRDA:43,8,0,4
BRDA:43,9,0,5
BRDA:43,10,0,13
BRDA:43,11,0,0
BRDA:43,12,0,5
BRDA:43,13,0,13
BRDA:43,14,0,12
BRDA:43,15,0,1
BRDA:43,16,0,17
BRDA:43,17,0,4
BRDA:43,18,0,13
BRDA:43,19,0,5
BRDA:43,20,0,13
BRDA:43,21,0,0
BRDA:43,22,0,15
BRDA:43,23,0,18
BRDA:43,24,0,18
BRDA:43,25,0,0
BRDA:43,26,0,36
BRDA:43,27,0,0
BRDA:43,28,0,0
BRDA:43,29,0,0
BRDA:43,30,0,0
BRDA:43,31,0,18
BRDA:43,32,0,18
BRDA:43,33,0,13
BRDA:43,34,0,0
BRDA:43,35,0,0
BRDA:43,36,0,5
BRDA:43,37,0,0
BRDA:43,38,0,4
BRDA:43,39,0,0
BRDA:43,40,0,0
BRDA:43,41,0,0
BRDA:43,42,0,0
BRDA:43,43,0,28
BRDA:43,44,0,18
BRDA:43,45,0,17
BRDA:43,46,0,1
BRDA:43,47,0,18
BRDA:43,48,0,5
BRDA:43,49,0,1
BRDA:43,50,0,4
BRDA:43,51,0,0
BRDA:43,52,0,2
BRDA:43,53,0,0
BRDA:15,54,0,2
BRDA:16,55,0,4
BRDA:24,56,0,5
BRDA:43,57,0,5
BRDA:43,58,0,18
BRDA:25,59,0,5
BRDA:43,60,0,5
BRDA:27,61,0,1
BRDA:29,62,0,4
BRDA:43,63,0,4
BRDA:43,64,0,4
BRF:65
BRH:45
end_of_record
TN:
SF:src\modules\users\services\SendForgotPasswordEmailService.ts
FN:35,__decorate
FN:35,__metadata
FN:35,__param
FN:35,__awaiter
FN:35,adopt
FN:35,fulfilled
FN:35,rejected
FN:35,step
FN:35,__generator
FN:35,sent
FN:35,g.<computed>
FN:35,verb
FN:35,step
FN:35,__importDefault
FN:15,SendForgotPasswordEmailService
FN:24,SendForgotPasswordEmailService.execute
FNF:16
FNH:14
FNDA:1,__decorate
FNDA:1,__metadata
FNDA:2,__param
FNDA:2,__awaiter
FNDA:2,adopt
FNDA:2,fulfilled
FNDA:0,rejected
FNDA:3,step
FNDA:2,__generator
FNDA:2,sent
FNDA:0,g.<computed>
FNDA:6,verb
FNDA:4,step
FNDA:1,__importDefault
FNDA:2,SendForgotPasswordEmailService
FNDA:2,SendForgotPasswordEmailService.execute
DA:1,1
DA:2,1
DA:3,1
DA:4,1
DA:5,1
DA:6,1
DA:7,1
DA:8,1
DA:9,1
DA:10,1
DA:11,1
DA:12,1
DA:13,1
DA:14,1
DA:15,1
DA:16,2
DA:17,2
DA:18,2
DA:19,2
DA:20,2
DA:21,2
DA:22,1
DA:23,1
DA:24,1
DA:25,2
DA:26,2
DA:27,2
DA:28,2
DA:29,2
DA:30,2
DA:31,2
DA:32,2
DA:33,1
DA:34,1
DA:35,1
LF:35
LH:35
BRDA:35,0,0,1
BRDA:35,1,0,1
BRDA:35,2,0,0
BRDA:35,3,0,0
BRDA:35,4,0,0
BRDA:35,5,0,0
BRDA:35,6,0,1
BRDA:35,7,0,2
BRDA:35,8,0,2
BRDA:35,9,0,2
BRDA:35,10,0,2
BRDA:35,11,0,0
BRDA:35,12,0,2
BRDA:35,13,0,2
BRDA:35,14,0,1
BRDA:35,15,0,3
BRDA:35,16,0,1
BRDA:35,17,0,2
BRDA:35,18,0,2
BRDA:35,19,0,2
BRDA:35,20,0,0
BRDA:35,21,0,6
BRDA:35,22,0,4
BRDA:35,23,0,4
BRDA:35,24,0,0
BRDA:35,25,0,8
BRDA:35,26,0,0
BRDA:35,27,0,0
BRDA:35,28,0,0
BRDA:35,29,0,0
BRDA:35,30,0,4
BRDA:35,31,0,4
BRDA:35,32,0,2
BRDA:35,33,0,0
BRDA:35,34,0,0
BRDA:35,35,0,2
BRDA:35,36,0,0
BRDA:35,37,0,1
BRDA:35,38,0,0
BRDA:35,39,0,0
BRDA:35,40,0,0
BRDA:35,41,0,0
BRDA:35,42,0,4
BRDA:35,43,0,3
BRDA:35,44,0,1
BRDA:35,45,0,4
BRDA:35,46,0,2
BRDA:35,47,0,1
BRDA:35,48,0,0
BRDA:35,49,0,1
BRDA:35,50,0,0
BRDA:14,51,0,1
BRDA:15,52,0,2
BRDA:24,53,0,2
BRDA:35,54,0,2
BRDA:35,55,0,4
BRDA:25,56,0,2
BRDA:35,57,0,2
BRDA:35,58,0,1
BRF:59
BRH:39
end_of_record
TN:
SF:src\modules\users\services\UpdateUserAvatarService.ts
FN:42,__decorate
FN:42,__metadata
FN:42,__param
FN:42,__awaiter
FN:42,adopt
FN:42,fulfilled
FN:42,rejected
FN:42,step
FN:42,__generator
FN:42,sent
FN:42,g.<computed>
FN:42,verb
FN:42,step
FN:42,__importDefault
FN:14,UpdateUserAvatarService
FN:22,UpdateUserAvatarService.execute
FNF:16
FNH:14
FNDA:1,__decorate
FNDA:1,__metadata
FNDA:2,__param
FNDA:4,__awaiter
FNDA:11,adopt
FNDA:11,fulfilled
FNDA:0,rejected
FNDA:14,step
FNDA:4,__generator
FNDA:11,sent
FNDA:0,g.<computed>
FNDA:12,verb
FNDA:15,step
FNDA:1,__importDefault
FNDA:3,UpdateUserAvatarService
FNDA:4,UpdateUserAvatarService.execute
DA:1,1
DA:2,1
DA:3,1
DA:4,1
DA:5,1
DA:6,1
DA:7,1
DA:8,1
DA:9,1
DA:10,1
DA:11,1
DA:12,1
DA:13,1
DA:14,1
DA:15,3
DA:16,3
DA:17,3
DA:18,3
DA:19,3
DA:20,3
DA:21,1
DA:22,1
DA:23,4
DA:24,4
DA:25,4
DA:26,1
DA:27,1
DA:28,3
DA:29,3
DA:30,1
DA:31,4
DA:32,4
DA:33,4
DA:34,4
DA:35,4
DA:36,4
DA:37,4
DA:38,4
DA:39,4
DA:40,1
DA:41,1
DA:42,1
LF:42
LH:42
BRDA:42,0,0,1
BRDA:42,1,0,1
BRDA:42,2,0,0
BRDA:42,3,0,0
BRDA:42,4,0,0
BRDA:42,5,0,0
BRDA:42,6,0,1
BRDA:42,7,0,2
BRDA:42,8,0,2
BRDA:42,9,0,4
BRDA:42,10,0,11
BRDA:42,11,0,0
BRDA:42,12,0,4
BRDA:42,13,0,11
BRDA:42,14,0,10
BRDA:42,15,0,1
BRDA:42,16,0,14
BRDA:42,17,0,3
BRDA:42,18,0,11
BRDA:42,19,0,4
BRDA:42,20,0,11
BRDA:42,21,0,0
BRDA:42,22,0,12
BRDA:42,23,0,15
BRDA:42,24,0,15
BRDA:42,25,0,0
BRDA:42,26,0,32
BRDA:42,27,0,0
BRDA:42,28,0,0
BRDA:42,29,0,0
BRDA:42,30,0,0
BRDA:42,31,0,15
BRDA:42,32,0,15
BRDA:42,33,0,11
BRDA:42,34,0,0
BRDA:42,35,0,0
BRDA:42,36,0,6
BRDA:42,37,0,0
BRDA:42,38,0,5
BRDA:42,39,0,4
BRDA:42,40,0,2
BRDA:42,41,0,0
BRDA:42,42,0,2
BRDA:42,43,0,0
BRDA:42,44,0,0
BRDA:42,45,0,0
BRDA:42,46,0,17
BRDA:42,47,0,16
BRDA:42,48,0,1
BRDA:42,49,0,17
BRDA:42,50,0,4
BRDA:42,51,0,1
BRDA:42,52,0,3
BRDA:42,53,0,0
BRDA:42,54,0,1
BRDA:42,55,0,0
BRDA:13,56,0,1
BRDA:14,57,0,3
BRDA:22,58,0,4
BRDA:42,59,0,4
BRDA:42,60,0,17
BRDA:23,61,0,4
BRDA:42,62,0,4
BRDA:25,63,0,1
BRDA:27,64,0,3
BRDA:29,65,0,2
BRDA:29,66,0,1
BRDA:42,67,0,1
BRDA:32,68,0,3
BRDA:42,69,0,3
BRDA:42,70,0,3
BRF:71
BRH:51
end_of_record
